<?xml version="1.0" encoding="UTF-8"?>
<!-- Generated by org.testng.reporters.JUnitReportReporter -->
<testsuite skipped="0" hostname="user-PC" name="com.saucedemo.smoke.Login" tests="1" failures="0" timestamp="25 Nov 2019 01:25:20 GMT" time="25.057" errors="0">
  <testcase name="setUp" time="25.057" classname="com.saucedemo.smoke.Login"/>
</testsuite> <!-- com.saucedemo.smoke.Login -->
