<?xml version="1.0" encoding="UTF-8"?>
<!-- Generated by org.testng.reporters.JUnitReportReporter -->
<testsuite skipped="0" hostname="user-PC" name="com.saucedemo.smoke.Login2" tests="1" failures="0" timestamp="25 Nov 2019 01:12:13 GMT" time="45.406" errors="0">
  <testcase name="Login" time="45.406" classname="com.saucedemo.smoke.Login2"/>
</testsuite> <!-- com.saucedemo.smoke.Login2 -->
